[debug] [2025-05-31T06:50:35.582Z] ----------------------------------------------------------------------
[debug] [2025-05-31T06:50:35.584Z] Command:       /home/hakon/.nvm/versions/node/v22.16.0/bin/node /home/hakon/.var/app/com.visualstudio.code/data/node_modules/bin/firebase init
[debug] [2025-05-31T06:50:35.585Z] CLI Version:   14.5.0
[debug] [2025-05-31T06:50:35.585Z] Platform:      linux
[debug] [2025-05-31T06:50:35.585Z] Node Version:  v22.16.0
[debug] [2025-05-31T06:50:35.585Z] Time:          Sat May 31 2025 08:50:35 GMT+0200 (Central European Summer Time)
[debug] [2025-05-31T06:50:35.585Z] ----------------------------------------------------------------------
[debug] 
[debug] [2025-05-31T06:50:35.587Z] >>> [apiv2][query] GET https://firebase-public.firebaseio.com/cli.json [none]
[debug] [2025-05-31T06:50:35.879Z] > command requires scopes: ["email","openid","https://www.googleapis.com/auth/cloudplatformprojects.readonly","https://www.googleapis.com/auth/firebase","https://www.googleapis.com/auth/cloud-platform"]
[debug] [2025-05-31T06:50:35.879Z] > authorizing via signed-in user (hasdol98@gmail.com)
[info] 
     ######## #### ########  ######## ########     ###     ######  ########
     ##        ##  ##     ## ##       ##     ##  ##   ##  ##       ##
     ######    ##  ########  ######   ########  #########  ######  ######
     ##        ##  ##    ##  ##       ##     ## ##     ##       ## ##
     ##       #### ##     ## ######## ########  ##     ##  ######  ########

You're about to initialize a Firebase project in this directory:

  /home/hakon/Documents/GitHub/ski-lab

Before we get started, keep in mind:

  * You are initializing within an existing Firebase project directory

[info] 
=== Project Setup
[info] 
[info] First, let's associate this project directory with a Firebase project.
[info] You can create multiple project aliases by running firebase use --add, 
[info] but for now we'll just set up a default project.
[info] 
[debug] [2025-05-31T06:50:41.234Z] Using project from CLI flag: ski-lab-dev
[debug] [2025-05-31T06:50:41.234Z] Checked if tokens are valid: false, expires at: 1748618913081
[debug] [2025-05-31T06:50:41.234Z] Checked if tokens are valid: false, expires at: 1748618913081
[debug] [2025-05-31T06:50:41.235Z] > refreshing access token with scopes: []
[debug] [2025-05-31T06:50:41.236Z] >>> [apiv2][query] POST https://www.googleapis.com/oauth2/v3/token [none]
[debug] [2025-05-31T06:50:41.236Z] >>> [apiv2][body] POST https://www.googleapis.com/oauth2/v3/token [omitted]
[debug] [2025-05-31T06:50:41.342Z] <<< [apiv2][status] POST https://www.googleapis.com/oauth2/v3/token 200
[debug] [2025-05-31T06:50:41.342Z] <<< [apiv2][body] POST https://www.googleapis.com/oauth2/v3/token [omitted]
[debug] [2025-05-31T06:50:41.354Z] >>> [apiv2][query] GET https://firebase.googleapis.com/v1beta1/projects/ski-lab-dev [none]
[debug] [2025-05-31T06:50:41.645Z] <<< [apiv2][status] GET https://firebase.googleapis.com/v1beta1/projects/ski-lab-dev 200
[debug] [2025-05-31T06:50:41.645Z] <<< [apiv2][body] GET https://firebase.googleapis.com/v1beta1/projects/ski-lab-dev {"projectId":"ski-lab-dev","projectNumber":"885731101131","displayName":"ski-lab-dev","name":"projects/ski-lab-dev","resources":{"hostingSite":"ski-lab-dev"},"state":"ACTIVE","etag":"1_5f091991-d052-4bd4-b171-3f6df8b6cf49"}
[info] i  Using project ski-lab-dev (ski-lab-dev) 
[info] 
=== Firestore Setup
[info] i  firestore: ensuring required API firestore.googleapis.com is enabled... 
[debug] [2025-05-31T06:50:41.653Z] Checked if tokens are valid: true, expires at: 1748677840342
[debug] [2025-05-31T06:50:41.653Z] Checked if tokens are valid: true, expires at: 1748677840342
[debug] [2025-05-31T06:50:41.654Z] >>> [apiv2][query] GET https://serviceusage.googleapis.com/v1/projects/ski-lab-dev/services/firestore.googleapis.com [none]
[debug] [2025-05-31T06:50:41.654Z] >>> [apiv2][(partial)header] GET https://serviceusage.googleapis.com/v1/projects/ski-lab-dev/services/firestore.googleapis.com x-goog-quota-user=projects/ski-lab-dev
[debug] [2025-05-31T06:50:42.666Z] <<< [apiv2][status] GET https://serviceusage.googleapis.com/v1/projects/ski-lab-dev/services/firestore.googleapis.com 200
[debug] [2025-05-31T06:50:42.667Z] <<< [apiv2][body] GET https://serviceusage.googleapis.com/v1/projects/ski-lab-dev/services/firestore.googleapis.com [omitted]
[info] ✔  firestore: required API firestore.googleapis.com is enabled 
[debug] [2025-05-31T06:50:42.668Z] Checked if tokens are valid: true, expires at: 1748677840342
[debug] [2025-05-31T06:50:42.668Z] Checked if tokens are valid: true, expires at: 1748677840342
[debug] [2025-05-31T06:50:42.669Z] >>> [apiv2][query] GET https://firestore.googleapis.com/v1/projects/ski-lab-dev/databases [none]
[debug] [2025-05-31T06:50:43.282Z] <<< [apiv2][status] GET https://firestore.googleapis.com/v1/projects/ski-lab-dev/databases 200
[debug] [2025-05-31T06:50:43.282Z] <<< [apiv2][body] GET https://firestore.googleapis.com/v1/projects/ski-lab-dev/databases {"databases":[{"name":"projects/ski-lab-dev/databases/(default)","uid":"5ab730d8-6999-4993-8a8f-13753070a57e","createTime":"2024-11-15T08:50:13.103394Z","updateTime":"2024-11-15T08:50:13.103394Z","locationId":"eur3","type":"FIRESTORE_NATIVE","concurrencyMode":"PESSIMISTIC","versionRetentionPeriod":"3600s","earliestVersionTime":"2025-05-31T05:50:43.255435Z","appEngineIntegrationMode":"DISABLED","keyPrefix":"e","pointInTimeRecoveryEnablement":"POINT_IN_TIME_RECOVERY_DISABLED","deleteProtectionState":"DELETE_PROTECTION_DISABLED","databaseEdition":"STANDARD","freeTier":true,"etag":"ILG8z5iPzY0DMMvMrP/DqowD"}]}
[info] 
[info] Firestore Security Rules allow you to define how and when to allow
[info] requests. You can keep these rules in your project directory
[info] and publish them with firebase deploy.
[info] 
[debug] [2025-05-31T06:50:43.286Z] Checked if tokens are valid: true, expires at: 1748677840342
[debug] [2025-05-31T06:50:43.286Z] Checked if tokens are valid: true, expires at: 1748677840342
[debug] [2025-05-31T06:50:43.287Z] >>> [apiv2][query] GET https://firebaserules.googleapis.com/v1/projects/ski-lab-dev/releases pageSize=10&pageToken=
[debug] [2025-05-31T06:50:44.205Z] <<< [apiv2][status] GET https://firebaserules.googleapis.com/v1/projects/ski-lab-dev/releases 200
[debug] [2025-05-31T06:50:44.205Z] <<< [apiv2][body] GET https://firebaserules.googleapis.com/v1/projects/ski-lab-dev/releases {"releases":[{"name":"projects/ski-lab-dev/releases/cloud.firestore","rulesetName":"projects/ski-lab-dev/rulesets/813bd9e5-4a64-4715-a1d6-03dfbd6eb370","createTime":"2024-11-15T08:50:20.380331Z","updateTime":"2025-05-30T14:31:59.135472Z"},{"name":"projects/ski-lab-dev/releases/firebase.storage/ski-lab-dev.firebasestorage.app","rulesetName":"projects/ski-lab-dev/rulesets/0d4eb2c2-aaa4-499c-88a8-743f0c053bb4","createTime":"2024-11-15T09:22:35.858792Z","updateTime":"2025-05-30T14:31:58.957274Z"}]}
[debug] [2025-05-31T06:50:44.231Z] Checked if tokens are valid: true, expires at: 1748677840342
[debug] [2025-05-31T06:50:44.232Z] Checked if tokens are valid: true, expires at: 1748677840342
[debug] [2025-05-31T06:50:44.232Z] >>> [apiv2][query] GET https://firebaserules.googleapis.com/v1/projects/ski-lab-dev/rulesets/813bd9e5-4a64-4715-a1d6-03dfbd6eb370 [none]
[debug] [2025-05-31T06:50:45.023Z] <<< [apiv2][status] GET https://firebaserules.googleapis.com/v1/projects/ski-lab-dev/rulesets/813bd9e5-4a64-4715-a1d6-03dfbd6eb370 200
[debug] [2025-05-31T06:50:45.024Z] <<< [apiv2][body] GET https://firebaserules.googleapis.com/v1/projects/ski-lab-dev/rulesets/813bd9e5-4a64-4715-a1d6-03dfbd6eb370 [omitted]
[info] i  Downloaded the existing Firestore Security Rules from the Firebase console 
[info] i  firestore.rules is unchanged 
[info] 
[info] Firestore indexes allow you to perform complex queries while
[info] maintaining performance that scales with the size of the result
[info] set. You can keep index definitions in your project directory
[info] and publish them with firebase deploy.
[info] 
[debug] [2025-05-31T06:50:45.029Z] Checked if tokens are valid: true, expires at: 1748677840342
[debug] [2025-05-31T06:50:45.029Z] Checked if tokens are valid: true, expires at: 1748677840342
[debug] [2025-05-31T06:50:45.029Z] Checked if tokens are valid: true, expires at: 1748677840342
[debug] [2025-05-31T06:50:45.030Z] Checked if tokens are valid: true, expires at: 1748677840342
[debug] [2025-05-31T06:50:45.030Z] >>> [apiv2][query] GET https://firestore.googleapis.com/v1/projects/ski-lab-dev/databases/(default)/collectionGroups/-/indexes [none]
[debug] [2025-05-31T06:50:45.032Z] >>> [apiv2][query] GET https://firestore.googleapis.com/v1/projects/ski-lab-dev/databases/(default)/collectionGroups/-/fields?filter=indexConfig.usesAncestorConfig=false OR ttlConfig:* [none]
[debug] [2025-05-31T06:50:45.334Z] <<< [apiv2][status] GET https://firestore.googleapis.com/v1/projects/ski-lab-dev/databases/(default)/collectionGroups/-/indexes 200
[debug] [2025-05-31T06:50:45.335Z] <<< [apiv2][body] GET https://firestore.googleapis.com/v1/projects/ski-lab-dev/databases/(default)/collectionGroups/-/indexes {"indexes":[{"name":"projects/ski-lab-dev/databases/(default)/collectionGroups/skis/indexes/CICAgJiUzcsI","queryScope":"COLLECTION","fields":[{"fieldPath":"archived","order":"ASCENDING"},{"fieldPath":"length","order":"DESCENDING"},{"fieldPath":"__name__","order":"DESCENDING"}],"state":"READY","density":"SPARSE_ALL"},{"name":"projects/ski-lab-dev/databases/(default)/collectionGroups/skis/indexes/CICAgJiUzYsJ","queryScope":"COLLECTION","fields":[{"fieldPath":"archived","order":"ASCENDING"},{"fieldPath":"brand","order":"ASCENDING"},{"fieldPath":"__name__","order":"ASCENDING"}],"state":"READY","density":"SPARSE_ALL"},{"name":"projects/ski-lab-dev/databases/(default)/collectionGroups/skis/indexes/CICAgLiT_JAJ","queryScope":"COLLECTION","fields":[{"fieldPath":"archived","order":"ASCENDING"},{"fieldPath":"base","order":"DESCENDING"},{"fieldPath":"__name__","order":"DESCENDING"}],"state":"READY","density":"SPARSE_ALL"},{"name":"projects/ski-lab-dev/databases/(default)/collectionGroups/skis/indexes/CICAgPjChIAK","queryScope":"COLLECTION","fields":[{"fieldPath":"archived","order":"ASCENDING"},{"fieldPath":"model","order":"DESCENDING"},{"fieldPath":"__name__","order":"DESCENDING"}],"state":"READY","density":"SPARSE_ALL"},{"name":"projects/ski-lab-dev/databases/(default)/collectionGroups/testResults/indexes/CICAgNiav4AK","queryScope":"COLLECTION","fields":[{"fieldPath":"keywords_en","arrayConfig":"CONTAINS"},{"fieldPath":"timestamp","order":"DESCENDING"},{"fieldPath":"__name__","order":"DESCENDING"}],"state":"READY","density":"SPARSE_ALL"},{"name":"projects/ski-lab-dev/databases/(default)/collectionGroups/skis/indexes/CICAgJim14AK","queryScope":"COLLECTION","fields":[{"fieldPath":"locked","order":"ASCENDING"},{"fieldPath":"serialNumber","order":"ASCENDING"},{"fieldPath":"__name__","order":"ASCENDING"}],"state":"READY","density":"SPARSE_ALL"},{"name":"projects/ski-lab-dev/databases/(default)/collectionGroups/skis/indexes/CICAgOjXh4EK","queryScope":"COLLECTION","fields":[{"fieldPath":"locked","order":"ASCENDING"},{"fieldPath":"dateAdded","order":"ASCENDING"},{"fieldPath":"__name__","order":"ASCENDING"}],"state":"READY","density":"SPARSE_ALL"},{"name":"projects/ski-lab-dev/databases/(default)/collectionGroups/skis/indexes/CICAgPi9lIEK","queryScope":"COLLECTION","fields":[{"fieldPath":"archived","order":"ASCENDING"},{"fieldPath":"stiffness","order":"DESCENDING"},{"fieldPath":"__name__","order":"DESCENDING"}],"state":"READY","density":"SPARSE_ALL"},{"name":"projects/ski-lab-dev/databases/(default)/collectionGroups/testResults/indexes/CICAgNjpgYIK","queryScope":"COLLECTION","fields":[{"fieldPath":"keywords_en","arrayConfig":"CONTAINS"},{"fieldPath":"timestamp","order":"ASCENDING"},{"fieldPath":"__name__","order":"ASCENDING"}],"state":"READY","density":"SPARSE_ALL"},{"name":"projects/ski-lab-dev/databases/(default)/collectionGroups/skis/indexes/CICAgPj-pYIK","queryScope":"COLLECTION","fields":[{"fieldPath":"archived","order":"ASCENDING"},{"fieldPath":"grind","order":"DESCENDING"},{"fieldPath":"__name__","order":"DESCENDING"}],"state":"READY","density":"SPARSE_ALL"},{"name":"projects/ski-lab-dev/databases/(default)/collectionGroups/skis/indexes/CICAgJiUpoMK","queryScope":"COLLECTION","fields":[{"fieldPath":"locked","order":"ASCENDING"},{"fieldPath":"dateAdded","order":"DESCENDING"},{"fieldPath":"__name__","order":"DESCENDING"}],"state":"READY","density":"SPARSE_ALL"},{"name":"projects/ski-lab-dev/databases/(default)/collectionGroups/skis/indexes/CICAgJjmnIgK","queryScope":"COLLECTION","fields":[{"fieldPath":"archived","order":"ASCENDING"},{"fieldPath":"base","order":"ASCENDING"},{"fieldPath":"__name__","order":"ASCENDING"}],"state":"READY","density":"SPARSE_ALL"},{"name":"projects/ski-lab-dev/databases/(default)/collectionGroups/skis/indexes/CICAgJiHgokK","queryScope":"COLLECTION","fields":[{"fieldPath":"archived","order":"ASCENDING"},{"fieldPath":"grind","order":"ASCENDING"},{"fieldPath":"__name__","order":"ASCENDING"}],"state":"READY","density":"SPARSE_ALL"},{"name":"projects/ski-lab-dev/databases/(default)/collectionGroups/skis/indexes/CICAgLiTpokK","queryScope":"COLLECTION","fields":[{"fieldPath":"archived","order":"ASCENDING"},{"fieldPath":"style","order":"ASCENDING"},{"fieldPath":"__name__","order":"ASCENDING"}],"state":"READY","density":"SPARSE_ALL"},{"name":"projects/ski-lab-dev/databases/(default)/collectionGroups/skis/indexes/CICAgJiUzYsK","queryScope":"COLLECTION","fields":[{"fieldPath":"archived","order":"ASCENDING"},{"fieldPath":"serialNumber","order":"ASCENDING"},{"fieldPath":"__name__","order":"ASCENDING"}],"state":"READY","density":"SPARSE_ALL"},{"name":"projects/ski-lab-dev/databases/(default)/collectionGroups/skis/indexes/CICAgLiI64sK","queryScope":"COLLECTION","fields":[{"fieldPath":"archived","order":"ASCENDING"},{"fieldPath":"length","order":"ASCENDING"},{"fieldPath":"__name__","order":"ASCENDING"}],"state":"READY","density":"SPARSE_ALL"},{"name":"projects/ski-lab-dev/databases/(default)/collectionGroups/skis/indexes/CICAgJjmiJEK","queryScope":"COLLECTION","fields":[{"fieldPath":"archived","order":"ASCENDING"},{"fieldPath":"model","order":"ASCENDING"},{"fieldPath":"__name__","order":"ASCENDING"}],"state":"READY","density":"SPARSE_ALL"},{"name":"projects/ski-lab-dev/databases/(default)/collectionGroups/skis/indexes/CICAgNjaxJEK","queryScope":"COLLECTION","fields":[{"fieldPath":"keywords_en","arrayConfig":"CONTAINS"},{"fieldPath":"serialNumber","order":"ASCENDING"},{"fieldPath":"__name__","order":"ASCENDING"}],"state":"READY","density":"SPARSE_ALL"},{"name":"projects/ski-lab-dev/databases/(default)/collectionGroups/skis/indexes/CICAgNjp5ZMK","queryScope":"COLLECTION","fields":[{"fieldPath":"archived","order":"ASCENDING"},{"fieldPath":"serialNumber","order":"DESCENDING"},{"fieldPath":"__name__","order":"DESCENDING"}],"state":"READY","density":"SPARSE_ALL"},{"name":"projects/ski-lab-dev/databases/(default)/collectionGroups/skis/indexes/CICAgNjajpkK","queryScope":"COLLECTION","fields":[{"fieldPath":"archived","order":"ASCENDING"},{"fieldPath":"brand","order":"DESCENDING"},{"fieldPath":"__name__","order":"DESCENDING"}],"state":"READY","density":"SPARSE_ALL"},{"name":"projects/ski-lab-dev/databases/(default)/collectionGroups/skis/indexes/CICAgLiI_5oK","queryScope":"COLLECTION","fields":[{"fieldPath":"archived","order":"ASCENDING"},{"fieldPath":"stiffness","order":"ASCENDING"},{"fieldPath":"__name__","order":"ASCENDING"}],"state":"READY","density":"SPARSE_ALL"},{"name":"projects/ski-lab-dev/databases/(default)/collectionGroups/skis/indexes/CICAgJiUzYsL","queryScope":"COLLECTION","fields":[{"fieldPath":"archived","order":"ASCENDING"},{"fieldPath":"style","order":"DESCENDING"},{"fieldPath":"__name__","order":"DESCENDING"}],"state":"READY","density":"SPARSE_ALL"}]}
[debug] [2025-05-31T06:50:45.336Z] <<< [apiv2][status] GET https://firestore.googleapis.com/v1/projects/ski-lab-dev/databases/(default)/collectionGroups/-/fields?filter=indexConfig.usesAncestorConfig=false OR ttlConfig:* 200
[debug] [2025-05-31T06:50:45.337Z] <<< [apiv2][body] GET https://firestore.googleapis.com/v1/projects/ski-lab-dev/databases/(default)/collectionGroups/-/fields?filter=indexConfig.usesAncestorConfig=false OR ttlConfig:* {"fields":[{"name":"projects/ski-lab-dev/databases/(default)/collectionGroups/__default__/fields/*","indexConfig":{"indexes":[{"queryScope":"COLLECTION","fields":[{"fieldPath":"*","order":"ASCENDING"}],"state":"READY"},{"queryScope":"COLLECTION","fields":[{"fieldPath":"*","order":"DESCENDING"}],"state":"READY"},{"queryScope":"COLLECTION","fields":[{"fieldPath":"*","arrayConfig":"CONTAINS"}],"state":"READY"}]}}]}
[info] i  Downloaded the existing Firestore indexes from the Firebase console 
[info] i  Skipping write of firestore.indexes.json 
[info] ✔  Wrote firestore.indexes.json 
[info] 
=== Functions Setup
[debug] [2025-05-31T06:50:56.830Z] > command requires scopes: ["email","openid","https://www.googleapis.com/auth/cloudplatformprojects.readonly","https://www.googleapis.com/auth/firebase","https://www.googleapis.com/auth/cloud-platform"]
[debug] [2025-05-31T06:50:56.831Z] > authorizing via signed-in user (hasdol98@gmail.com)
[debug] [2025-05-31T06:50:56.831Z] [iam] checking project ski-lab-dev for permissions ["firebase.projects.get"]
[debug] [2025-05-31T06:50:56.833Z] Checked if tokens are valid: true, expires at: 1748677840342
[debug] [2025-05-31T06:50:56.833Z] Checked if tokens are valid: true, expires at: 1748677840342
[debug] [2025-05-31T06:50:56.834Z] >>> [apiv2][query] POST https://cloudresourcemanager.googleapis.com/v1/projects/ski-lab-dev:testIamPermissions [none]
[debug] [2025-05-31T06:50:56.834Z] >>> [apiv2][(partial)header] POST https://cloudresourcemanager.googleapis.com/v1/projects/ski-lab-dev:testIamPermissions x-goog-quota-user=projects/ski-lab-dev
[debug] [2025-05-31T06:50:56.834Z] >>> [apiv2][body] POST https://cloudresourcemanager.googleapis.com/v1/projects/ski-lab-dev:testIamPermissions {"permissions":["firebase.projects.get"]}
[debug] [2025-05-31T06:50:57.620Z] <<< [apiv2][status] POST https://cloudresourcemanager.googleapis.com/v1/projects/ski-lab-dev:testIamPermissions 200
[debug] [2025-05-31T06:50:57.620Z] <<< [apiv2][body] POST https://cloudresourcemanager.googleapis.com/v1/projects/ski-lab-dev:testIamPermissions {"permissions":["firebase.projects.get"]}
[debug] [2025-05-31T06:50:57.621Z] Checked if tokens are valid: true, expires at: 1748677840342
[debug] [2025-05-31T06:50:57.621Z] Checked if tokens are valid: true, expires at: 1748677840342
[debug] [2025-05-31T06:50:57.621Z] Checked if tokens are valid: true, expires at: 1748677840342
[debug] [2025-05-31T06:50:57.621Z] Checked if tokens are valid: true, expires at: 1748677840342
[debug] [2025-05-31T06:50:57.621Z] >>> [apiv2][query] GET https://serviceusage.googleapis.com/v1/projects/ski-lab-dev/services/cloudfunctions.googleapis.com [none]
[debug] [2025-05-31T06:50:57.621Z] >>> [apiv2][(partial)header] GET https://serviceusage.googleapis.com/v1/projects/ski-lab-dev/services/cloudfunctions.googleapis.com x-goog-quota-user=projects/ski-lab-dev
[debug] [2025-05-31T06:50:57.623Z] >>> [apiv2][query] GET https://serviceusage.googleapis.com/v1/projects/ski-lab-dev/services/runtimeconfig.googleapis.com [none]
[debug] [2025-05-31T06:50:57.623Z] >>> [apiv2][(partial)header] GET https://serviceusage.googleapis.com/v1/projects/ski-lab-dev/services/runtimeconfig.googleapis.com x-goog-quota-user=projects/ski-lab-dev
[debug] [2025-05-31T06:50:58.648Z] <<< [apiv2][status] GET https://serviceusage.googleapis.com/v1/projects/ski-lab-dev/services/runtimeconfig.googleapis.com 200
[debug] [2025-05-31T06:50:58.648Z] <<< [apiv2][body] GET https://serviceusage.googleapis.com/v1/projects/ski-lab-dev/services/runtimeconfig.googleapis.com [omitted]
[debug] [2025-05-31T06:50:58.652Z] <<< [apiv2][status] GET https://serviceusage.googleapis.com/v1/projects/ski-lab-dev/services/cloudfunctions.googleapis.com 200
[debug] [2025-05-31T06:50:58.652Z] <<< [apiv2][body] GET https://serviceusage.googleapis.com/v1/projects/ski-lab-dev/services/cloudfunctions.googleapis.com [omitted]
[info] 
Detected existing codebase(s): default

[debug] [2025-05-31T06:51:04.988Z] <<< [apiv2][status] GET https://firebase-public.firebaseio.com/cli.json 200
[debug] [2025-05-31T06:51:04.989Z] <<< [apiv2][body] GET https://firebase-public.firebaseio.com/cli.json {"cloudBuildErrorAfter":1594252800000,"cloudBuildWarnAfter":1590019200000,"defaultNode10After":1594252800000,"minVersion":"3.0.5","node8DeploysDisabledAfter":1613390400000,"node8RuntimeDisabledAfter":1615809600000,"node8WarnAfter":1600128000000}
[debug] [2025-05-31T06:51:11.642Z] ExitPromptError: User force closed the prompt with SIGINT
    at Interface.sigint (/home/hakon/.var/app/com.visualstudio.code/data/node_modules/lib/node_modules/firebase-tools/node_modules/@inquirer/core/dist/commonjs/lib/create-prompt.js:101:37)
    at Interface.emit (node:events:518:28)
    at Interface.emit (node:domain:489:12)
    at [_ttyWrite] [as _ttyWrite] (node:internal/readline/interface:1128:18)
    at ReadStream.onkeypress (node:internal/readline/interface:267:20)
    at ReadStream.emit (node:events:530:35)
    at ReadStream.emit (node:domain:489:12)
    at emitKeys (node:internal/readline/utils:370:14)
    at emitKeys.next (<anonymous>)
    at ReadStream.onData (node:internal/readline/emitKeypressEvents:64:36)
[error] 
[error] Error: An unexpected error has occurred.
